[1.032s] Invoking command in '/home/smartway/ros2_ws/build/rpi_robot_action_interfaces': /usr/bin/cmake --build /home/smartway/ros2_ws/build/rpi_robot_action_interfaces -- -j4 -l4
[1.134s] -- Found ament_cmake: 0.9.11 (/opt/ros/foxy/share/ament_cmake/cmake)
[1.257s] -- Using PYTHON_EXECUTABLE: /usr/bin/python3
[1.919s] Traceback (most recent call last):
[1.920s]   File "/opt/ros/foxy/share/ament_cmake_core/cmake/package_templates/templates_2_cmake.py", line 21, in <module>
[1.922s]     from ament_package.templates import get_environment_hook_template_path
[1.923s] ModuleNotFoundError: No module named 'ament_package'
[2.046s] CMake Error at /opt/ros/foxy/share/ament_cmake_core/cmake/ament_cmake_package_templates-extras.cmake:41 (message):
[2.046s]   execute_process(/usr/bin/python3
[2.047s]   /opt/ros/foxy/share/ament_cmake_core/cmake/package_templates/templates_2_cmake.py
[2.047s]   /home/smartway/ros2_ws/build/rpi_robot_action_interfaces/ament_cmake_package_templates/templates.cmake)
[2.047s]   returned error code 1
[2.048s] Call Stack (most recent call first):
[2.048s]   /opt/ros/foxy/share/ament_cmake_core/cmake/ament_cmake_coreConfig.cmake:41 (include)
[2.048s]   /opt/ros/foxy/share/ament_cmake/cmake/ament_cmake_export_dependencies-extras.cmake:15 (find_package)
[2.049s]   /opt/ros/foxy/share/ament_cmake/cmake/ament_cmakeConfig.cmake:41 (include)
[2.049s]   CMakeLists.txt:19 (find_package)
[2.049s] 
[2.050s] 
[2.050s] -- Configuring incomplete, errors occurred!
[2.050s] See also "/home/smartway/ros2_ws/build/rpi_robot_action_interfaces/CMakeFiles/CMakeOutput.log".
[2.056s] make: *** [Makefile:748: cmake_check_build_system] Error 1
